<?xml version="1.0" encoding="UTF-8"?>
<!-- Generated by org.testng.reporters.JUnitReportReporter -->
<testsuite skipped="0" hostname="rohit-PC" name="scripts.Demo1" tests="1" failures="0" timestamp="11 Nov 2021 09:00:17 GMT" time="0.225" errors="0">
  <testcase name="Sample" time="0.225" classname="scripts.Demo1"/>
</testsuite> <!-- scripts.Demo1 -->
